Sender: LSF System <lsfadmin@lsf-server-3.rostclust>
Subject: Job 4275: <binding_prediction_daniel_kiba> in cluster <rost_lsf_cluster_1> Done

Job <binding_prediction_daniel_kiba> was submitted from host <lsf-master-1.rostclust> by user <giessing> in cluster <rost_lsf_cluster_1> at Fri Jan 15 09:49:25 2021
Job was executed on host(s) <lsf-server-3.rostclust>, in queue <rostlab-normal-2>, as user <giessing> in cluster <rost_lsf_cluster_1> at Fri Jan 15 09:49:26 2021
</mnt/home/giessing> was used as the home directory.
</mnt/project/protdrugaffinity/dg/binding_affinity> was used as the working directory.
Started at Fri Jan 15 09:49:26 2021
Terminated at Sat Jan 16 15:20:41 2021
Results reported at Sat Jan 16 15:20:41 2021

Your job looked like:

------------------------------------------------------------
# LSBATCH: User input
python binding_prediction.py
------------------------------------------------------------

Successfully completed.

Resource usage summary:

    CPU time :                                   402346.00 sec.
    Max Memory :                                 1683 MB
    Average Memory :                             1633.84 MB
    Total Requested Memory :                     -
    Delta Memory :                               -
    Max Swap :                                   -
    Max Processes :                              3
    Max Threads :                                26
    Run time :                                   106275 sec.
    Turnaround time :                            106276 sec.

The output (if any) follows:

nan
nan
nan
0.5752565666023941
0.5876817804237358
nan
0.44706143845963425
0.4239403588359216
0.5362799263772067
nan
nan
0.5799431919558452
nan
nan
nan
nan
0.5829725875151217
nan
0.5643768044810753
0.5044763328034052
nan
0.3748154262242136
nan
0.5390211582330621
0.6066505891214818
Finished Tuning
0.6066505891214818
[54, 0.001, 187]
[1,    54] loss: 173.7895242
[1,   108] loss: 39.6160215
[1,   162] loss: 38.9484216
[1,   216] loss: 37.6966167
[1,   270] loss: 37.1652523
[1,   324] loss: 38.9356860
[1,   378] loss: 35.3194615
[1,   432] loss: 38.0492531
[2,    54] loss: 33.5987821
[2,   108] loss: 36.0769999
[2,   162] loss: 32.5677108
[2,   216] loss: 35.0021893
[2,   270] loss: 32.0596468
[2,   324] loss: 36.6410024
[2,   378] loss: 33.2271978
[2,   432] loss: 33.5059178
[3,    54] loss: 31.2528290
[3,   108] loss: 32.1395977
[3,   162] loss: 29.2067940
[3,   216] loss: 30.4893056
[3,   270] loss: 28.5275596
[3,   324] loss: 32.1459217
[3,   378] loss: 29.7785657
[3,   432] loss: 29.8718057
[4,    54] loss: 27.0158600
[4,   108] loss: 28.7985033
[4,   162] loss: 26.9457952
[4,   216] loss: 29.1082547
[4,   270] loss: 29.2644318
[4,   324] loss: 29.4175367
[4,   378] loss: 28.0132999
[4,   432] loss: 29.6084164
[5,    54] loss: 27.5430471
[5,   108] loss: 27.7668288
[5,   162] loss: 25.8282464
[5,   216] loss: 27.6380601
[5,   270] loss: 25.8264042
[5,   324] loss: 26.9809521
[5,   378] loss: 25.1916106
[5,   432] loss: 27.5639861
[6,    54] loss: 25.8863459
[6,   108] loss: 26.6636552
[6,   162] loss: 24.1208786
[6,   216] loss: 22.4965566
[6,   270] loss: 23.6098855
[6,   324] loss: 23.7661163
[6,   378] loss: 24.2493071
[6,   432] loss: 25.4229823
[7,    54] loss: 25.3588264
[7,   108] loss: 24.0397675
[7,   162] loss: 22.4304692
[7,   216] loss: 22.4059801
[7,   270] loss: 22.7496349
[7,   324] loss: 22.3643527
[7,   378] loss: 24.3787150
[7,   432] loss: 24.9085864
[8,    54] loss: 22.9031251
[8,   108] loss: 23.5614299
[8,   162] loss: 22.1713412
[8,   216] loss: 21.8989353
[8,   270] loss: 22.3482502
[8,   324] loss: 21.7303107
[8,   378] loss: 22.9312335
[8,   432] loss: 23.7182867
[9,    54] loss: 23.1954790
[9,   108] loss: 23.6068050
[9,   162] loss: 22.2557357
[9,   216] loss: 22.1212500
[9,   270] loss: 22.4749481
[9,   324] loss: 21.4403075
[9,   378] loss: 22.7391656
[9,   432] loss: 24.0614165
[10,    54] loss: 23.5711481
[10,   108] loss: 23.4766169
[10,   162] loss: 22.3118208
[10,   216] loss: 20.3409754
[10,   270] loss: 21.0917457
[10,   324] loss: 21.7118485
[10,   378] loss: 22.2039111
[10,   432] loss: 22.1687868
[11,    54] loss: 23.1830151
[11,   108] loss: 21.4336001
[11,   162] loss: 20.7793582
[11,   216] loss: 19.8033778
[11,   270] loss: 23.4872740
[11,   324] loss: 22.6260920
[11,   378] loss: 21.4011735
[11,   432] loss: 21.8574036
[12,    54] loss: 22.6814276
[12,   108] loss: 21.6105126
[12,   162] loss: 21.7324000
[12,   216] loss: 19.7835260
[12,   270] loss: 21.0880009
[12,   324] loss: 21.0907540
[12,   378] loss: 21.1280491
[12,   432] loss: 22.0924570
[13,    54] loss: 21.6591703
[13,   108] loss: 21.3899233
[13,   162] loss: 20.4097172
[13,   216] loss: 21.2883366
[13,   270] loss: 20.8497707
[13,   324] loss: 19.7068776
[13,   378] loss: 20.9243014
[13,   432] loss: 22.0328976
[14,    54] loss: 22.9242435
[14,   108] loss: 20.6977846
[14,   162] loss: 20.3454296
[14,   216] loss: 19.3090268
[14,   270] loss: 19.5889604
[14,   324] loss: 19.9913948
[14,   378] loss: 19.9585632
[14,   432] loss: 20.9715166
[15,    54] loss: 21.0598524
[15,   108] loss: 20.1002555
[15,   162] loss: 18.8004119
[15,   216] loss: 19.7507769
[15,   270] loss: 20.2093286
[15,   324] loss: 20.1774176
[15,   378] loss: 20.5457619
[15,   432] loss: 21.5089106
[16,    54] loss: 20.5001542
[16,   108] loss: 20.3939009
[16,   162] loss: 19.0576390
[16,   216] loss: 18.0952338
[16,   270] loss: 19.5647142
[16,   324] loss: 19.7910617
[16,   378] loss: 20.6093062
[16,   432] loss: 20.8634594
[17,    54] loss: 19.9244252
[17,   108] loss: 19.3584898
[17,   162] loss: 19.6293894
[17,   216] loss: 17.8112543
[17,   270] loss: 19.1154022
[17,   324] loss: 19.7251056
[17,   378] loss: 20.1581104
[17,   432] loss: 20.4210486
[18,    54] loss: 20.1224987
[18,   108] loss: 20.1322623
[18,   162] loss: 19.0964963
[18,   216] loss: 18.0595548
[18,   270] loss: 18.4335821
[18,   324] loss: 19.4476047
[18,   378] loss: 20.3663020
[18,   432] loss: 21.1993867
[19,    54] loss: 19.1389084
[19,   108] loss: 19.7168666
[19,   162] loss: 18.3812854
[19,   216] loss: 17.9896728
[19,   270] loss: 17.4313198
[19,   324] loss: 19.2350721
[19,   378] loss: 19.2829131
[19,   432] loss: 20.6848088
[20,    54] loss: 20.1297511
[20,   108] loss: 19.1280519
[20,   162] loss: 18.1159738
[20,   216] loss: 18.0537166
[20,   270] loss: 17.3642922
[20,   324] loss: 18.1912409
[20,   378] loss: 19.4352397
[20,   432] loss: 19.3528937
[21,    54] loss: 20.2621112
[21,   108] loss: 19.8135656
[21,   162] loss: 18.5876546
[21,   216] loss: 17.5473241
[21,   270] loss: 17.0957770
[21,   324] loss: 18.8234400
[21,   378] loss: 19.5342707
[21,   432] loss: 20.1823918
[22,    54] loss: 20.2477056
[22,   108] loss: 19.7446549
[22,   162] loss: 18.3580037
[22,   216] loss: 18.0593472
[22,   270] loss: 16.1583961
[22,   324] loss: 18.6167671
[22,   378] loss: 20.0944336
[22,   432] loss: 19.0506764
[23,    54] loss: 19.9857401
[23,   108] loss: 18.8091929
[23,   162] loss: 17.5710393
[23,   216] loss: 17.6687650
[23,   270] loss: 16.7250091
[23,   324] loss: 21.2005213
[23,   378] loss: 21.5560246
[23,   432] loss: 21.1627691
[24,    54] loss: 20.6755273
[24,   108] loss: 20.9364599
[24,   162] loss: 19.0295059
[24,   216] loss: 20.6916228
[24,   270] loss: 19.5637389
[24,   324] loss: 21.5130056
[24,   378] loss: 20.3630684
[24,   432] loss: 19.3323897
[25,    54] loss: 20.6353218
[25,   108] loss: 19.7187441
[25,   162] loss: 19.1945404
[25,   216] loss: 20.5104877
[25,   270] loss: 18.0149316
[25,   324] loss: 20.4606947
[25,   378] loss: 19.5646712
[25,   432] loss: 20.1086560
[26,    54] loss: 20.5330310
[26,   108] loss: 19.2250888
[26,   162] loss: 19.1999903
[26,   216] loss: 19.4189887
[26,   270] loss: 16.6763921
[26,   324] loss: 19.4823371
[26,   378] loss: 19.7398590
[26,   432] loss: 18.8813767
[27,    54] loss: 20.5339879
[27,   108] loss: 18.8953437
[27,   162] loss: 18.8214648
[27,   216] loss: 19.0537661
[27,   270] loss: 16.6842992
[27,   324] loss: 18.4947285
[27,   378] loss: 20.2571440
[27,   432] loss: 22.1882993
[28,    54] loss: 21.4457238
[28,   108] loss: 19.6357453
[28,   162] loss: 18.3681688
[28,   216] loss: 18.1912399
[28,   270] loss: 16.6627682
[28,   324] loss: 17.5280717
[28,   378] loss: 18.6594887
[28,   432] loss: 18.5235266
[29,    54] loss: 19.6045307
[29,   108] loss: 17.9808463
[29,   162] loss: 17.9376979
[29,   216] loss: 18.3046761
[29,   270] loss: 16.5639502
[29,   324] loss: 19.3807539
[29,   378] loss: 19.4360909
[29,   432] loss: 18.8572480
[30,    54] loss: 18.9316062
[30,   108] loss: 18.4316691
[30,   162] loss: 17.8665847
[30,   216] loss: 17.6572101
[30,   270] loss: 17.0550483
[30,   324] loss: 17.9790960
[30,   378] loss: 18.4901549
[30,   432] loss: 18.6028400
[31,    54] loss: 19.1582884
[31,   108] loss: 17.8685059
[31,   162] loss: 17.3779655
[31,   216] loss: 17.2473200
[31,   270] loss: 15.8845278
[31,   324] loss: 17.9643880
[31,   378] loss: 18.6063014
[31,   432] loss: 17.5515515
[32,    54] loss: 19.7651235
[32,   108] loss: 17.0725723
[32,   162] loss: 16.4581588
[32,   216] loss: 17.3887588
[32,   270] loss: 15.2774390
[32,   324] loss: 17.9669852
[32,   378] loss: 18.1045500
[32,   432] loss: 19.5256811
[33,    54] loss: 18.2543817
[33,   108] loss: 16.8988657
[33,   162] loss: 16.6367695
[33,   216] loss: 16.8825785
[33,   270] loss: 14.8212451
[33,   324] loss: 17.1134202
[33,   378] loss: 19.3642051
[33,   432] loss: 17.7212263
[34,    54] loss: 17.8784634
[34,   108] loss: 16.9526697
[34,   162] loss: 15.2916575
[34,   216] loss: 17.3095736
[34,   270] loss: 14.9156202
[34,   324] loss: 16.5812738
[34,   378] loss: 17.8973545
[34,   432] loss: 17.9229928
[35,    54] loss: 17.2686378
[35,   108] loss: 17.2295605
[35,   162] loss: 15.9984279
[35,   216] loss: 16.6041217
[35,   270] loss: 15.0856113
[35,   324] loss: 16.3197503
[35,   378] loss: 17.4936648
[35,   432] loss: 16.7279847
[36,    54] loss: 17.5432848
[36,   108] loss: 17.9532740
[36,   162] loss: 16.1786660
[36,   216] loss: 16.0282266
[36,   270] loss: 15.0913047
[36,   324] loss: 17.0694096
[36,   378] loss: 16.7827435
[36,   432] loss: 17.1333659
[37,    54] loss: 17.8764089
[37,   108] loss: 16.6500769
[37,   162] loss: 16.0326030
[37,   216] loss: 16.3022949
[37,   270] loss: 14.7064762
[37,   324] loss: 16.1350054
[37,   378] loss: 16.2061881
[37,   432] loss: 17.1697447
[38,    54] loss: 17.0512744
[38,   108] loss: 17.9239308
[38,   162] loss: 15.0589119
[38,   216] loss: 16.1067263
[38,   270] loss: 14.6298367
[38,   324] loss: 16.8796640
[38,   378] loss: 16.1366626
[38,   432] loss: 16.5562558
[39,    54] loss: 20.2713583
[39,   108] loss: 17.2807512
[39,   162] loss: 15.5066635
[39,   216] loss: 15.9607955
[39,   270] loss: 14.0490253
[39,   324] loss: 16.3667205
[39,   378] loss: 15.7457587
[39,   432] loss: 16.5300484
[40,    54] loss: 17.6184296
[40,   108] loss: 16.7447613
[40,   162] loss: 15.5688937
[40,   216] loss: 16.6532661
[40,   270] loss: 13.8208918
[40,   324] loss: 15.5866961
[40,   378] loss: 16.6608231
[40,   432] loss: 17.9900434
[41,    54] loss: 18.0489033
[41,   108] loss: 15.6169893
[41,   162] loss: 15.1304506
[41,   216] loss: 15.8186471
[41,   270] loss: 13.6722613
[41,   324] loss: 15.4180718
[41,   378] loss: 15.9297705
[41,   432] loss: 17.2683768
[42,    54] loss: 16.1102538
[42,   108] loss: 14.5631567
[42,   162] loss: 14.2413888
[42,   216] loss: 14.6445052
[42,   270] loss: 13.6382754
[42,   324] loss: 15.4309368
[42,   378] loss: 15.2708037
[42,   432] loss: 17.5776041
[43,    54] loss: 16.0116231
[43,   108] loss: 14.4134213
[43,   162] loss: 14.5797719
[43,   216] loss: 14.6358694
[43,   270] loss: 13.7281794
[43,   324] loss: 15.2033318
[43,   378] loss: 14.6623468
[43,   432] loss: 16.1944983
[44,    54] loss: 15.1282814
[44,   108] loss: 15.5004644
[44,   162] loss: 13.8610316
[44,   216] loss: 13.4066448
[44,   270] loss: 13.0977001
[44,   324] loss: 14.9329853
[44,   378] loss: 15.4358612
[44,   432] loss: 16.8756220
[45,    54] loss: 17.4715126
[45,   108] loss: 15.5486592
[45,   162] loss: 16.6207949
[45,   216] loss: 14.0792225
[45,   270] loss: 13.0998451
[45,   324] loss: 14.5018265
[45,   378] loss: 17.2436630
[45,   432] loss: 17.2491842
[46,    54] loss: 16.9422230
[46,   108] loss: 13.7545281
[46,   162] loss: 14.2712524
[46,   216] loss: 13.3431456
[46,   270] loss: 13.0443130
[46,   324] loss: 14.2033956
[46,   378] loss: 15.5263379
[46,   432] loss: 15.6469291
[47,    54] loss: 15.1893405
[47,   108] loss: 14.3756894
[47,   162] loss: 19.1649747
[47,   216] loss: 14.7892661
[47,   270] loss: 13.5613591
[47,   324] loss: 14.6503998
[47,   378] loss: 15.2088075
[47,   432] loss: 14.9704848
[48,    54] loss: 15.4885814
[48,   108] loss: 13.8675370
[48,   162] loss: 13.5246413
[48,   216] loss: 13.4476843
[48,   270] loss: 13.3310434
[48,   324] loss: 14.5385936
[48,   378] loss: 15.2673075
[48,   432] loss: 14.9296667
[49,    54] loss: 15.5233784
[49,   108] loss: 14.4479190
[49,   162] loss: 13.4290427
[49,   216] loss: 13.4905266
[49,   270] loss: 12.6355391
[49,   324] loss: 13.8796345
[49,   378] loss: 15.1201699
[49,   432] loss: 15.0312911
[50,    54] loss: 14.6119475
[50,   108] loss: 14.8220894
[50,   162] loss: 16.0016171
[50,   216] loss: 13.8522539
[50,   270] loss: 12.5983648
[50,   324] loss: 13.9212457
[50,   378] loss: 14.1089666
[50,   432] loss: 14.3061654
[51,    54] loss: 16.0226695
[51,   108] loss: 14.3632762
[51,   162] loss: 13.5840745
[51,   216] loss: 13.6561401
[51,   270] loss: 12.3873617
[51,   324] loss: 13.3622485
[51,   378] loss: 15.2219659
[51,   432] loss: 14.8099687
[52,    54] loss: 14.9332774
[52,   108] loss: 13.1625909
[52,   162] loss: 13.0445454
[52,   216] loss: 12.6318054
[52,   270] loss: 11.9379740
[52,   324] loss: 13.3636748
[52,   378] loss: 15.8053152
[52,   432] loss: 18.0523081
[53,    54] loss: 14.6606879
[53,   108] loss: 13.8071074
[53,   162] loss: 13.1138875
[53,   216] loss: 13.6046984
[53,   270] loss: 11.8783661
[53,   324] loss: 14.5940723
[53,   378] loss: 15.6095031
[53,   432] loss: 15.1263981
[54,    54] loss: 14.6730196
[54,   108] loss: 15.3389257
[54,   162] loss: 12.8981355
[54,   216] loss: 12.6044753
[54,   270] loss: 11.8432260
[54,   324] loss: 13.5390765
[54,   378] loss: 13.8036061
[54,   432] loss: 14.0617228
[55,    54] loss: 14.6260806
[55,   108] loss: 13.2531746
[55,   162] loss: 12.7969453
[55,   216] loss: 12.6083244
[55,   270] loss: 11.7109027
[55,   324] loss: 13.7300604
[55,   378] loss: 13.3903664
[55,   432] loss: 14.8021245
[56,    54] loss: 14.3511742
[56,   108] loss: 13.2672832
[56,   162] loss: 12.6160869
[56,   216] loss: 12.7642018
[56,   270] loss: 11.7799521
[56,   324] loss: 14.6876217
[56,   378] loss: 14.0309098
[56,   432] loss: 22.8065674
[57,    54] loss: 17.7816012
[57,   108] loss: 16.1952043
[57,   162] loss: 13.6884891
[57,   216] loss: 12.5388472
[57,   270] loss: 11.8907680
[57,   324] loss: 13.7856903
[57,   378] loss: 13.1760511
[57,   432] loss: 14.5607124
[58,    54] loss: 14.4016990
[58,   108] loss: 12.3231373
[58,   162] loss: 11.8074458
[58,   216] loss: 12.4950690
[58,   270] loss: 11.3666515
[58,   324] loss: 12.8526180
[58,   378] loss: 12.6487229
[58,   432] loss: 14.1960000
[59,    54] loss: 14.0941062
[59,   108] loss: 13.9241408
[59,   162] loss: 11.7204148
[59,   216] loss: 12.8196952
[59,   270] loss: 11.9479923
[59,   324] loss: 13.2949550
[59,   378] loss: 12.9709736
[59,   432] loss: 13.8570893
[60,    54] loss: 14.2990216
[60,   108] loss: 12.2864041
[60,   162] loss: 11.3569632
[60,   216] loss: 12.3600173
[60,   270] loss: 11.0978158
[60,   324] loss: 12.9539671
[60,   378] loss: 13.2440950
[60,   432] loss: 13.9798149
[61,    54] loss: 13.5231776
[61,   108] loss: 12.9580359
[61,   162] loss: 11.3043322
[61,   216] loss: 11.9746251
[61,   270] loss: 11.3756159
[61,   324] loss: 12.4332682
[61,   378] loss: 12.7956569
[61,   432] loss: 13.9534722
[62,    54] loss: 13.9721549
[62,   108] loss: 12.0896569
[62,   162] loss: 11.8189611
[62,   216] loss: 11.8995646
[62,   270] loss: 11.0208728
[62,   324] loss: 12.5789446
[62,   378] loss: 13.0208288
[62,   432] loss: 14.0219775
[63,    54] loss: 13.8569129
[63,   108] loss: 12.3540300
[63,   162] loss: 11.8371523
[63,   216] loss: 12.0127633
[63,   270] loss: 11.2001414
[63,   324] loss: 12.3050033
[63,   378] loss: 12.8331632
[63,   432] loss: 13.9803616
[64,    54] loss: 16.4725177
[64,   108] loss: 12.7276647
[64,   162] loss: 11.2206749
[64,   216] loss: 11.9026397
[64,   270] loss: 11.4368486
[64,   324] loss: 12.8492889
[64,   378] loss: 12.5581487
[64,   432] loss: 13.5581520
[65,    54] loss: 15.8354256
[65,   108] loss: 12.4519035
[65,   162] loss: 11.5292348
[65,   216] loss: 11.7834836
[65,   270] loss: 11.7855418
[65,   324] loss: 19.2500527
[65,   378] loss: 14.6039631
[65,   432] loss: 14.3315315
[66,    54] loss: 13.9109025
[66,   108] loss: 12.1796007
[66,   162] loss: 11.1937502
[66,   216] loss: 15.2254626
[66,   270] loss: 10.9699290
[66,   324] loss: 12.9005909
[66,   378] loss: 12.4973489
[66,   432] loss: 13.1382071
[67,    54] loss: 12.8277737
[67,   108] loss: 11.9250062
[67,   162] loss: 10.8394375
[67,   216] loss: 11.3125024
[67,   270] loss: 10.2644878
[67,   324] loss: 12.0895709
[67,   378] loss: 11.6138676
[67,   432] loss: 12.6195474
[68,    54] loss: 12.9603286
[68,   108] loss: 11.3158735
[68,   162] loss: 11.0033917
[68,   216] loss: 11.4972383
[68,   270] loss: 10.5957544
[68,   324] loss: 12.6198491
[68,   378] loss: 15.0616537
[68,   432] loss: 13.8835009
[69,    54] loss: 15.3024079
[69,   108] loss: 12.6822586
[69,   162] loss: 11.1561886
[69,   216] loss: 11.8159772
[69,   270] loss: 10.6776285
[69,   324] loss: 13.0311810
[69,   378] loss: 12.0929802
[69,   432] loss: 12.8746772
[70,    54] loss: 13.0960722
[70,   108] loss: 12.4677355
[70,   162] loss: 11.2158707
[70,   216] loss: 11.3217457
[70,   270] loss: 10.2227063
[70,   324] loss: 12.0871031
[70,   378] loss: 11.4944361
[70,   432] loss: 12.7717304
[71,    54] loss: 12.8996092
[71,   108] loss: 11.1332168
[71,   162] loss: 11.1813111
[71,   216] loss: 11.0621073
[71,   270] loss: 11.0320365
[71,   324] loss: 12.8474900
[71,   378] loss: 11.8504306
[71,   432] loss: 15.4645747
[72,    54] loss: 15.2763686
[72,   108] loss: 12.7079640
[72,   162] loss: 11.1396527
[72,   216] loss: 10.8538214
[72,   270] loss: 10.4244280
[72,   324] loss: 12.5460601
[72,   378] loss: 11.8940752
[72,   432] loss: 13.1440414
[73,    54] loss: 12.8801260
[73,   108] loss: 10.8558648
[73,   162] loss: 10.6610469
[73,   216] loss: 10.9588961
[73,   270] loss: 10.2342894
[73,   324] loss: 11.8264825
[73,   378] loss: 11.4116371
[73,   432] loss: 13.8946772
[74,    54] loss: 12.9384942
[74,   108] loss: 11.6689240
[74,   162] loss: 10.6937305
[74,   216] loss: 10.1390849
[74,   270] loss: 9.9671069
[74,   324] loss: 11.3347669
[74,   378] loss: 13.6128513
[74,   432] loss: 13.7832935
[75,    54] loss: 12.4420134
[75,   108] loss: 11.7833769
[75,   162] loss: 11.1974221
[75,   216] loss: 11.0287657
[75,   270] loss: 10.3893637
[75,   324] loss: 11.7812780
[75,   378] loss: 11.4378278
[75,   432] loss: 13.0696072
[76,    54] loss: 12.4131946
[76,   108] loss: 11.1072805
[76,   162] loss: 10.9173612
[76,   216] loss: 10.9517701
[76,   270] loss: 10.3686677
[76,   324] loss: 11.2456051
[76,   378] loss: 10.9175600
[76,   432] loss: 12.4751226
[77,    54] loss: 12.5438263
[77,   108] loss: 11.0749241
[77,   162] loss: 10.4764197
[77,   216] loss: 11.1163597
[77,   270] loss: 9.8280141
[77,   324] loss: 11.9609292
[77,   378] loss: 11.3673665
[77,   432] loss: 12.8976510
[78,    54] loss: 12.6340271
[78,   108] loss: 12.4220535
[78,   162] loss: 10.9268025
[78,   216] loss: 10.7479800
[78,   270] loss: 11.4118592
[78,   324] loss: 12.5484515
[78,   378] loss: 11.1952434
[78,   432] loss: 13.9685931
[79,    54] loss: 11.7801065
[79,   108] loss: 10.8738973
[79,   162] loss: 10.9546589
[79,   216] loss: 11.5415367
[79,   270] loss: 9.9591669
[79,   324] loss: 11.7585935
[79,   378] loss: 10.8919144
[79,   432] loss: 11.9278984
[80,    54] loss: 11.6196656
[80,   108] loss: 11.2818655
[80,   162] loss: 10.0291144
[80,   216] loss: 10.6656702
[80,   270] loss: 9.9776521
[80,   324] loss: 11.3128498
[80,   378] loss: 10.4195064
[80,   432] loss: 11.5095943
[81,    54] loss: 12.5626534
[81,   108] loss: 11.3936063
[81,   162] loss: 14.5368578
[81,   216] loss: 11.5341160
[81,   270] loss: 10.3707628
[81,   324] loss: 11.9516398
[81,   378] loss: 11.3019561
[81,   432] loss: 11.8573581
[82,    54] loss: 11.5839917
[82,   108] loss: 11.0517101
[82,   162] loss: 10.2205264
[82,   216] loss: 10.4748549
[82,   270] loss: 10.0384081
[82,   324] loss: 11.0570996
[82,   378] loss: 10.0394795
[82,   432] loss: 11.4176386
[83,    54] loss: 11.6009752
[83,   108] loss: 11.3700710
[83,   162] loss: 11.0124335
[83,   216] loss: 10.7315949
[83,   270] loss: 9.5307531
[83,   324] loss: 11.1586948
[83,   378] loss: 10.8102969
[83,   432] loss: 11.3287379
[84,    54] loss: 11.7236327
[84,   108] loss: 10.4073064
[84,   162] loss: 10.0969141
[84,   216] loss: 10.1482679
[84,   270] loss: 9.6423576
[84,   324] loss: 10.8116151
[84,   378] loss: 10.5683327
[84,   432] loss: 12.3250908
[85,    54] loss: 11.1903988
[85,   108] loss: 10.4343716
[85,   162] loss: 9.5052654
[85,   216] loss: 9.7008523
[85,   270] loss: 10.0475725
[85,   324] loss: 12.3532089
[85,   378] loss: 13.4287224
[85,   432] loss: 11.8943881
[86,    54] loss: 11.5439479
[86,   108] loss: 9.7179927
[86,   162] loss: 9.7505573
[86,   216] loss: 10.4127333
[86,   270] loss: 10.1472633
[86,   324] loss: 12.1877549
[86,   378] loss: 12.0134260
[86,   432] loss: 12.5991513
[87,    54] loss: 12.7859539
[87,   108] loss: 10.9697000
[87,   162] loss: 11.0292051
[87,   216] loss: 10.4805664
[87,   270] loss: 9.9083180
[87,   324] loss: 10.7704504
[87,   378] loss: 10.6123225
[87,   432] loss: 11.5006267
[88,    54] loss: 10.8622722
[88,   108] loss: 10.5634523
[88,   162] loss: 10.7453102
[88,   216] loss: 9.7839148
[88,   270] loss: 9.6331209
[88,   324] loss: 11.0648972
[88,   378] loss: 10.0235637
[88,   432] loss: 11.3345921
[89,    54] loss: 11.2699414
[89,   108] loss: 10.1820954
[89,   162] loss: 9.9562739
[89,   216] loss: 10.4458335
[89,   270] loss: 10.2019605
[89,   324] loss: 12.9011783
[89,   378] loss: 11.3184812
[89,   432] loss: 11.5862914
[90,    54] loss: 11.0145996
[90,   108] loss: 10.4535556
[90,   162] loss: 9.5795009
[90,   216] loss: 9.4360420
[90,   270] loss: 9.7784461
[90,   324] loss: 10.9450459
[90,   378] loss: 10.2704712
[90,   432] loss: 10.9030820
[91,    54] loss: 11.1464120
[91,   108] loss: 10.4084504
[91,   162] loss: 9.9574714
[91,   216] loss: 9.7733425
[91,   270] loss: 9.4190124
[91,   324] loss: 10.4919139
[91,   378] loss: 9.4763048
[91,   432] loss: 10.8812459
[92,    54] loss: 10.3243071
[92,   108] loss: 9.8087215
[92,   162] loss: 9.8096864
[92,   216] loss: 9.9513915
[92,   270] loss: 9.4037880
[92,   324] loss: 10.5891099
[92,   378] loss: 10.0471814
[92,   432] loss: 10.7750377
[93,    54] loss: 11.0254200
[93,   108] loss: 9.8416737
[93,   162] loss: 12.6367430
[93,   216] loss: 12.2007670
[93,   270] loss: 9.8492147
[93,   324] loss: 10.6368632
[93,   378] loss: 10.4190807
[93,   432] loss: 13.5119238
[94,    54] loss: 10.4153862
[94,   108] loss: 10.2363045
[94,   162] loss: 10.0728203
[94,   216] loss: 9.2756802
[94,   270] loss: 9.1701857
[94,   324] loss: 9.7207235
[94,   378] loss: 9.2517830
[94,   432] loss: 10.4614337
[95,    54] loss: 10.6561575
[95,   108] loss: 10.2311486
[95,   162] loss: 11.1306529
[95,   216] loss: 10.1066138
[95,   270] loss: 8.9251652
[95,   324] loss: 11.0168875
[95,   378] loss: 10.3787236
[95,   432] loss: 10.8368416
[96,    54] loss: 10.0251446
[96,   108] loss: 9.9172359
[96,   162] loss: 9.2938700
[96,   216] loss: 9.4778342
[96,   270] loss: 9.6101883
[96,   324] loss: 10.1932960
[96,   378] loss: 10.7711483
[96,   432] loss: 12.1864569
[97,    54] loss: 10.2205019
[97,   108] loss: 9.9789241
[97,   162] loss: 9.2126021
[97,   216] loss: 9.2939370
[97,   270] loss: 9.6204470
[97,   324] loss: 10.4245514
[97,   378] loss: 9.4206525
[97,   432] loss: 9.9641881
[98,    54] loss: 10.3364057
[98,   108] loss: 9.5713305
[98,   162] loss: 11.0102719
[98,   216] loss: 9.3847061
[98,   270] loss: 9.7084091
[98,   324] loss: 10.2655917
[98,   378] loss: 9.7209608
[98,   432] loss: 16.2367686
[99,    54] loss: 10.7470198
[99,   108] loss: 9.9031749
[99,   162] loss: 9.6734780
[99,   216] loss: 9.5579030
[99,   270] loss: 9.4055508
[99,   324] loss: 10.2470916
[99,   378] loss: 10.3730447
[99,   432] loss: 14.4583225
[100,    54] loss: 10.6253025
[100,   108] loss: 10.0459102
[100,   162] loss: 9.0947843
[100,   216] loss: 9.6078155
[100,   270] loss: 9.3384093
[100,   324] loss: 9.5233596
[100,   378] loss: 8.9870254
[100,   432] loss: 10.9562716
[101,    54] loss: 10.3317538
[101,   108] loss: 9.2081148
[101,   162] loss: 9.1380022
[101,   216] loss: 8.8989477
[101,   270] loss: 9.2766023
[101,   324] loss: 9.8343460
[101,   378] loss: 9.7575271
[101,   432] loss: 10.6981393
[102,    54] loss: 10.2342619
[102,   108] loss: 9.1050442
[102,   162] loss: 8.9081629
[102,   216] loss: 8.6746255
[102,   270] loss: 8.8135103
[102,   324] loss: 9.6618703
[102,   378] loss: 9.6729086
[102,   432] loss: 10.3564293
[103,    54] loss: 10.2643528
[103,   108] loss: 9.1700056
[103,   162] loss: 10.4944261
[103,   216] loss: 9.5447895
[103,   270] loss: 9.2665333
[103,   324] loss: 10.4855392
[103,   378] loss: 9.9498495
[103,   432] loss: 11.1657871
[104,    54] loss: 9.3957245
[104,   108] loss: 9.6529485
[104,   162] loss: 9.7361699
[104,   216] loss: 9.0622930
[104,   270] loss: 8.8570434
[104,   324] loss: 9.6867575
[104,   378] loss: 10.2465822
[104,   432] loss: 10.0816223
[105,    54] loss: 9.5059149
[105,   108] loss: 9.5966605
[105,   162] loss: 8.9522009
[105,   216] loss: 8.6661758
[105,   270] loss: 8.7132069
[105,   324] loss: 9.9632475
[105,   378] loss: 9.1452849
[105,   432] loss: 10.4310486
[106,    54] loss: 9.4329144
[106,   108] loss: 9.3122881
[106,   162] loss: 9.0421505
[106,   216] loss: 9.0828082
[106,   270] loss: 8.8174344
[106,   324] loss: 10.2138399
[106,   378] loss: 9.4927760
[106,   432] loss: 11.7665172
[107,    54] loss: 9.9218275
[107,   108] loss: 9.6421999
[107,   162] loss: 8.3014202
[107,   216] loss: 8.6234955
[107,   270] loss: 8.1772688
[107,   324] loss: 9.4735480
[107,   378] loss: 10.0669288
[107,   432] loss: 19.8173789
[108,    54] loss: 11.2315213
[108,   108] loss: 9.8209564
[108,   162] loss: 10.3600222
[108,   216] loss: 10.6389547
[108,   270] loss: 9.6398418
[108,   324] loss: 10.0319470
[108,   378] loss: 9.5722402
[108,   432] loss: 10.4647960
[109,    54] loss: 9.4547827
[109,   108] loss: 8.7183351
[109,   162] loss: 8.4736400
[109,   216] loss: 8.8292105
[109,   270] loss: 8.2966894
[109,   324] loss: 9.0967414
[109,   378] loss: 8.6277535
[109,   432] loss: 14.0569812
[110,    54] loss: 9.5227402
[110,   108] loss: 9.2762924
[110,   162] loss: 8.7115265
[110,   216] loss: 8.8549416
[110,   270] loss: 8.9623395
[110,   324] loss: 9.5955851
[110,   378] loss: 8.9245881
[110,   432] loss: 9.9998762
[111,    54] loss: 9.0181629
[111,   108] loss: 8.8028533
[111,   162] loss: 8.0389105
[111,   216] loss: 8.7575299
[111,   270] loss: 8.0301688
[111,   324] loss: 9.1826318
[111,   378] loss: 8.3628404
[111,   432] loss: 9.9461869
[112,    54] loss: 9.5081209
[112,   108] loss: 8.8553359
[112,   162] loss: 8.3118279
[112,   216] loss: 8.3338936
[112,   270] loss: 8.0045343
[112,   324] loss: 9.1530748
[112,   378] loss: 9.1594060
[112,   432] loss: 9.6649636
[113,    54] loss: 8.9777311
[113,   108] loss: 9.6959218
[113,   162] loss: 8.5609147
[113,   216] loss: 8.7343313
[113,   270] loss: 8.2332501
[113,   324] loss: 9.2798266
[113,   378] loss: 9.5978871
[113,   432] loss: 11.6761436
[114,    54] loss: 9.3187118
[114,   108] loss: 9.0266224
[114,   162] loss: 8.7580819
[114,   216] loss: 8.6662091
[114,   270] loss: 8.7265332
[114,   324] loss: 9.3726247
[114,   378] loss: 10.0685815
[114,   432] loss: 10.5536389
[115,    54] loss: 8.7563548
[115,   108] loss: 9.1324407
[115,   162] loss: 8.3111111
[115,   216] loss: 8.5863548
[115,   270] loss: 7.9627692
[115,   324] loss: 9.5021783
[115,   378] loss: 8.7199621
[115,   432] loss: 9.2823101
[116,    54] loss: 8.4137751
[116,   108] loss: 8.8800014
[116,   162] loss: 8.5687392
[116,   216] loss: 8.3576420
[116,   270] loss: 7.9784503
[116,   324] loss: 8.9783368
[116,   378] loss: 8.4757838
[116,   432] loss: 9.8623908
[117,    54] loss: 8.4953953
[117,   108] loss: 9.2475105
[117,   162] loss: 8.2105459
[117,   216] loss: 8.8392475
[117,   270] loss: 7.7834573
[117,   324] loss: 9.0723265
[117,   378] loss: 10.1144557
[117,   432] loss: 12.7929454
[118,    54] loss: 9.1368815
[118,   108] loss: 8.7706299
[118,   162] loss: 8.4328290
[118,   216] loss: 8.4610359
[118,   270] loss: 8.1517323
[118,   324] loss: 9.1994034
[118,   378] loss: 8.6842199
[118,   432] loss: 9.7612392
[119,    54] loss: 9.9690753
[119,   108] loss: 9.1181520
[119,   162] loss: 8.1397023
[119,   216] loss: 8.8395912
[119,   270] loss: 8.4023913
[119,   324] loss: 10.5356745
[119,   378] loss: 8.3610281
[119,   432] loss: 9.7122880
[120,    54] loss: 8.4072492
[120,   108] loss: 8.3522455
[120,   162] loss: 8.2406794
[120,   216] loss: 8.1435761
[120,   270] loss: 8.3927193
[120,   324] loss: 9.1018003
[120,   378] loss: 8.2537585
[120,   432] loss: 9.0434767
[121,    54] loss: 8.8759922
[121,   108] loss: 8.7083407
[121,   162] loss: 7.7833948
[121,   216] loss: 8.2357558
[121,   270] loss: 8.2073782
[121,   324] loss: 8.6439179
[121,   378] loss: 7.9880819
[121,   432] loss: 8.7842626
[122,    54] loss: 8.5914451
[122,   108] loss: 8.2728769
[122,   162] loss: 8.2203968
[122,   216] loss: 8.6029378
[122,   270] loss: 8.1577140
[122,   324] loss: 9.1384931
[122,   378] loss: 9.1817666
[122,   432] loss: 10.0836430
[123,    54] loss: 9.0299275
[123,   108] loss: 8.4003754
[123,   162] loss: 8.0494196
[123,   216] loss: 9.0477188
[123,   270] loss: 8.1174104
[123,   324] loss: 8.5893923
[123,   378] loss: 11.6233704
[123,   432] loss: 13.0054429
[124,    54] loss: 9.2911723
[124,   108] loss: 8.5782032
[124,   162] loss: 7.9354485
[124,   216] loss: 8.6039798
[124,   270] loss: 8.2330573
[124,   324] loss: 8.6627498
[124,   378] loss: 8.1764503
[124,   432] loss: 9.1875758
[125,    54] loss: 8.4800460
[125,   108] loss: 8.4330757
[125,   162] loss: 8.0189914
[125,   216] loss: 8.9338120
[125,   270] loss: 8.2966223
[125,   324] loss: 8.8804137
[125,   378] loss: 8.7727756
[125,   432] loss: 9.1244702
[126,    54] loss: 8.4232222
[126,   108] loss: 7.8361185
[126,   162] loss: 7.5763576
[126,   216] loss: 7.8051077
[126,   270] loss: 8.0113042
[126,   324] loss: 8.0307819
[126,   378] loss: 7.9187130
[126,   432] loss: 9.0053097
[127,    54] loss: 8.4685003
[127,   108] loss: 12.3000412
[127,   162] loss: 7.9501869
[127,   216] loss: 8.6957917
[127,   270] loss: 8.1622042
[127,   324] loss: 8.4669669
[127,   378] loss: 8.5058964
[127,   432] loss: 8.8015982
[128,    54] loss: 8.1275088
[128,   108] loss: 7.5093655
[128,   162] loss: 7.1677733
[128,   216] loss: 7.9583193
[128,   270] loss: 7.8219915
[128,   324] loss: 8.5523960
[128,   378] loss: 7.8491502
[128,   432] loss: 8.5952791
[129,    54] loss: 7.8668210
[129,   108] loss: 8.1982677
[129,   162] loss: 7.3373135
[129,   216] loss: 8.0731903
[129,   270] loss: 7.7627935
[129,   324] loss: 8.3490134
[129,   378] loss: 7.9485337
[129,   432] loss: 8.6573176
[130,    54] loss: 9.1014071
[130,   108] loss: 7.9961430
[130,   162] loss: 7.4695947
[130,   216] loss: 8.0230949
[130,   270] loss: 7.9554641
[130,   324] loss: 8.4937317
[130,   378] loss: 7.9620680
[130,   432] loss: 9.1351482
[131,    54] loss: 7.9836016
[131,   108] loss: 8.0919781
[131,   162] loss: 7.6272430
[131,   216] loss: 7.9585010
[131,   270] loss: 7.3888323
[131,   324] loss: 9.0351698
[131,   378] loss: 8.0676199
[131,   432] loss: 8.8751825
[132,    54] loss: 17.3264816
[132,   108] loss: 9.7827120
[132,   162] loss: 10.4634124
[132,   216] loss: 8.4201473
[132,   270] loss: 8.1369214
[132,   324] loss: 8.5507926
[132,   378] loss: 7.9437665
[132,   432] loss: 9.1573514
[133,    54] loss: 8.5235007
[133,   108] loss: 7.5541440
[133,   162] loss: 7.3649698
[133,   216] loss: 7.7002183
[133,   270] loss: 7.5025325
[133,   324] loss: 8.3279567
[133,   378] loss: 7.1747030
[133,   432] loss: 8.0612188
[134,    54] loss: 8.8713107
[134,   108] loss: 7.6554810
[134,   162] loss: 7.7891891
[134,   216] loss: 7.6655858
[134,   270] loss: 7.3644645
[134,   324] loss: 8.0523998
[134,   378] loss: 8.2121736
[134,   432] loss: 8.7999682
[135,    54] loss: 8.0246989
[135,   108] loss: 7.0290046
[135,   162] loss: 7.2365421
[135,   216] loss: 7.5232901
[135,   270] loss: 7.5600817
[135,   324] loss: 8.1188262
[135,   378] loss: 7.6265944
[135,   432] loss: 8.8326126
[136,    54] loss: 8.4481301
[136,   108] loss: 7.5928278
[136,   162] loss: 6.7380737
[136,   216] loss: 7.7330066
[136,   270] loss: 8.1112854
[136,   324] loss: 8.4822026
[136,   378] loss: 6.9595094
[136,   432] loss: 9.2548624
[137,    54] loss: 7.9752320
[137,   108] loss: 8.7532027
[137,   162] loss: 7.8299303
[137,   216] loss: 7.1745120
[137,   270] loss: 6.9460888
[137,   324] loss: 8.1256701
[137,   378] loss: 8.4429816
[137,   432] loss: 8.7827830
[138,    54] loss: 8.6780657
[138,   108] loss: 7.7719498
[138,   162] loss: 7.9684436
[138,   216] loss: 7.3205192
[138,   270] loss: 7.1364517
[138,   324] loss: 7.7437434
[138,   378] loss: 7.5346207
[138,   432] loss: 8.1481541
[139,    54] loss: 8.4098390
[139,   108] loss: 7.6670027
[139,   162] loss: 7.4218693
[139,   216] loss: 7.6796659
[139,   270] loss: 7.4032340
[139,   324] loss: 7.9217517
[139,   378] loss: 7.5962357
[139,   432] loss: 8.8968109
[140,    54] loss: 7.9924964
[140,   108] loss: 7.1005523
[140,   162] loss: 7.2152856
[140,   216] loss: 7.1949512
[140,   270] loss: 7.3021761
[140,   324] loss: 7.6089199
[140,   378] loss: 8.4926232
[140,   432] loss: 9.5223671
[141,    54] loss: 7.2266839
[141,   108] loss: 7.0799154
[141,   162] loss: 7.3551759
[141,   216] loss: 7.2343016
[141,   270] loss: 7.2276840
[141,   324] loss: 7.7878238
[141,   378] loss: 7.0710950
[141,   432] loss: 8.2190326
[142,    54] loss: 7.4811442
[142,   108] loss: 6.8611838
[142,   162] loss: 7.6861269
[142,   216] loss: 7.5291165
[142,   270] loss: 6.9273586
[142,   324] loss: 7.4710373
[142,   378] loss: 6.9579523
[142,   432] loss: 8.5971817
[143,    54] loss: 7.6167854
[143,   108] loss: 6.9192016
[143,   162] loss: 7.3471074
[143,   216] loss: 7.2891664
[143,   270] loss: 7.0252846
[143,   324] loss: 7.8656548
[143,   378] loss: 7.1081398
[143,   432] loss: 7.8928062
[144,    54] loss: 7.1118897
[144,   108] loss: 7.2935465
[144,   162] loss: 7.2178198
[144,   216] loss: 6.7831759
[144,   270] loss: 7.0093473
[144,   324] loss: 7.4549867
[144,   378] loss: 7.2921511
[144,   432] loss: 15.1293646
[145,    54] loss: 8.2868292
[145,   108] loss: 7.3512423
[145,   162] loss: 7.6228121
[145,   216] loss: 7.2017217
[145,   270] loss: 6.8975813
[145,   324] loss: 7.4328367
[145,   378] loss: 7.2286382
[145,   432] loss: 7.8917321
[146,    54] loss: 7.6042541
[146,   108] loss: 6.9492801
[146,   162] loss: 6.9192975
[146,   216] loss: 6.9278403
[146,   270] loss: 6.9349949
[146,   324] loss: 8.0035907
[146,   378] loss: 6.9489030
[146,   432] loss: 8.4583394
[147,    54] loss: 7.6172141
[147,   108] loss: 6.8166064
[147,   162] loss: 6.8359634
[147,   216] loss: 7.0308192
[147,   270] loss: 6.7107417
[147,   324] loss: 7.4016666
[147,   378] loss: 7.0892685
[147,   432] loss: 8.0838625
[148,    54] loss: 7.5229072
[148,   108] loss: 7.0598008
[148,   162] loss: 6.5868098
[148,   216] loss: 6.4712946
[148,   270] loss: 7.2189869
[148,   324] loss: 7.3324117
[148,   378] loss: 6.7497948
[148,   432] loss: 8.0471253
[149,    54] loss: 8.2819372
[149,   108] loss: 7.0511785
[149,   162] loss: 7.8710935
[149,   216] loss: 7.4419621
[149,   270] loss: 6.8006227
[149,   324] loss: 7.0327127
[149,   378] loss: 7.3013057
[149,   432] loss: 7.6940873
[150,    54] loss: 8.6152588
[150,   108] loss: 6.8538623
[150,   162] loss: 6.9419545
[150,   216] loss: 7.5923939
[150,   270] loss: 6.4502916
[150,   324] loss: 7.2374911
[150,   378] loss: 7.2065709
[150,   432] loss: 7.5319059
[151,    54] loss: 7.9063531
[151,   108] loss: 7.1867843
[151,   162] loss: 6.6337611
[151,   216] loss: 6.5179087
[151,   270] loss: 6.5792058
[151,   324] loss: 7.0236054
[151,   378] loss: 6.6886420
[151,   432] loss: 7.3446563
[152,    54] loss: 7.6781409
[152,   108] loss: 6.8600278
[152,   162] loss: 6.5371205
[152,   216] loss: 6.4899865
[152,   270] loss: 6.8562598
[152,   324] loss: 6.5374733
[152,   378] loss: 6.5150824
[152,   432] loss: 7.5655942
[153,    54] loss: 6.9919814
[153,   108] loss: 6.6251437
[153,   162] loss: 7.0275429
[153,   216] loss: 6.3636912
[153,   270] loss: 8.8973353
[153,   324] loss: 8.1384688
[153,   378] loss: 7.1055486
[153,   432] loss: 7.7040811
[154,    54] loss: 7.4666997
[154,   108] loss: 6.6345860
[154,   162] loss: 6.9412403
[154,   216] loss: 6.5859898
[154,   270] loss: 6.7659903
[154,   324] loss: 6.7140438
[154,   378] loss: 6.6013811
[154,   432] loss: 7.3861228
[155,    54] loss: 7.2563765
[155,   108] loss: 6.4401856
[155,   162] loss: 5.9176150
[155,   216] loss: 6.5270123
[155,   270] loss: 6.6836222
[155,   324] loss: 6.4919416
[155,   378] loss: 6.4825070
[155,   432] loss: 7.2384004
[156,    54] loss: 7.3140404
[156,   108] loss: 6.3510963
[156,   162] loss: 6.3160306
[156,   216] loss: 6.5723701
[156,   270] loss: 6.5413334
[156,   324] loss: 6.8526075
[156,   378] loss: 6.4197150
[156,   432] loss: 7.7114021
[157,    54] loss: 9.6061051
[157,   108] loss: 6.8193879
[157,   162] loss: 6.6060903
[157,   216] loss: 6.5038012
[157,   270] loss: 7.0106121
[157,   324] loss: 7.0902747
[157,   378] loss: 6.4378465
[157,   432] loss: 7.8539010
[158,    54] loss: 7.6794877
[158,   108] loss: 6.8801975
[158,   162] loss: 6.1913344
[158,   216] loss: 7.0132212
[158,   270] loss: 6.6941427
[158,   324] loss: 7.1258873
[158,   378] loss: 6.4819004
[158,   432] loss: 6.9441702
[159,    54] loss: 7.6233921
[159,   108] loss: 8.8399013
[159,   162] loss: 8.9525454
[159,   216] loss: 7.2596413
[159,   270] loss: 6.7394972
[159,   324] loss: 6.7611251
[159,   378] loss: 7.1294131
[159,   432] loss: 7.0496514
[160,    54] loss: 8.2962137
[160,   108] loss: 6.4543847
[160,   162] loss: 6.9268607
[160,   216] loss: 6.3071388
[160,   270] loss: 6.6386265
[160,   324] loss: 6.6780966
[160,   378] loss: 6.4521986
[160,   432] loss: 7.3417151
[161,    54] loss: 7.4064981
[161,   108] loss: 5.7205791
[161,   162] loss: 6.1873571
[161,   216] loss: 6.0059662
[161,   270] loss: 6.7168900
[161,   324] loss: 7.0620839
[161,   378] loss: 6.5689890
[161,   432] loss: 7.2799271
[162,    54] loss: 7.2704205
[162,   108] loss: 6.7895023
[162,   162] loss: 7.0494635
[162,   216] loss: 6.9649699
[162,   270] loss: 6.7104521
[162,   324] loss: 6.6534795
[162,   378] loss: 6.9393980
[162,   432] loss: 6.6013068
[163,    54] loss: 7.8015142
[163,   108] loss: 7.0096777
[163,   162] loss: 6.5852393
[163,   216] loss: 7.3159722
[163,   270] loss: 7.4228289
[163,   324] loss: 6.7329569
[163,   378] loss: 6.8430856
[163,   432] loss: 7.7130137
[164,    54] loss: 7.3692103
[164,   108] loss: 6.1491945
[164,   162] loss: 6.0640500
[164,   216] loss: 6.0856417
[164,   270] loss: 6.7106621
[164,   324] loss: 6.6230770
[164,   378] loss: 6.7627802
[164,   432] loss: 7.9002141
[165,    54] loss: 8.1786067
[165,   108] loss: 7.6617421
[165,   162] loss: 6.9319338
[165,   216] loss: 7.2572661
[165,   270] loss: 7.6669126
[165,   324] loss: 7.9082567
[165,   378] loss: 6.8036786
[165,   432] loss: 7.5917935
[166,    54] loss: 6.7926680
[166,   108] loss: 6.2613047
[166,   162] loss: 6.0685487
[166,   216] loss: 6.3302433
[166,   270] loss: 6.7145131
[166,   324] loss: 6.5710601
[166,   378] loss: 6.3661645
[166,   432] loss: 6.7209025
[167,    54] loss: 7.6697459
[167,   108] loss: 6.4473493
[167,   162] loss: 7.5770163
[167,   216] loss: 6.5280364
[167,   270] loss: 6.4744052
[167,   324] loss: 7.0404882
[167,   378] loss: 6.7616273
[167,   432] loss: 6.7837253
[168,    54] loss: 6.4991596
[168,   108] loss: 6.2739361
[168,   162] loss: 6.1801612
[168,   216] loss: 6.1150938
[168,   270] loss: 5.9564034
[168,   324] loss: 6.3868544
[168,   378] loss: 5.8179950
[168,   432] loss: 6.9114309
[169,    54] loss: 7.0411155
[169,   108] loss: 6.2661460
[169,   162] loss: 6.2091467
[169,   216] loss: 5.8923468
[169,   270] loss: 5.9291549
[169,   324] loss: 6.2915788
[169,   378] loss: 6.0747099
[169,   432] loss: 6.9495582
[170,    54] loss: 6.8366983
[170,   108] loss: 7.1724246
[170,   162] loss: 6.6493270
[170,   216] loss: 5.8705458
[170,   270] loss: 6.3410604
[170,   324] loss: 6.0484264
[170,   378] loss: 5.7145900
[170,   432] loss: 6.8617487
[171,    54] loss: 6.7677665
[171,   108] loss: 6.7858716
[171,   162] loss: 6.0021439
[171,   216] loss: 6.4318927
[171,   270] loss: 6.5529522
[171,   324] loss: 6.6157612
[171,   378] loss: 5.6275268
[171,   432] loss: 6.9998778
[172,    54] loss: 7.1214951
[172,   108] loss: 6.1809660
[172,   162] loss: 6.0942575
[172,   216] loss: 5.4080364
[172,   270] loss: 6.3706988
[172,   324] loss: 7.0283070
[172,   378] loss: 5.8721541
[172,   432] loss: 6.9152249
[173,    54] loss: 6.7021232
[173,   108] loss: 6.2279529
[173,   162] loss: 5.7731367
[173,   216] loss: 5.8286278
[173,   270] loss: 6.3327515
[173,   324] loss: 6.2532412
[173,   378] loss: 5.9847463
[173,   432] loss: 6.6386229
[174,    54] loss: 6.5834472
[174,   108] loss: 9.3978682
[174,   162] loss: 6.5754429
[174,   216] loss: 6.2006448
[174,   270] loss: 6.3625170
[174,   324] loss: 6.6835431
[174,   378] loss: 6.3441369
[174,   432] loss: 6.4760594
[175,    54] loss: 7.2928853
[175,   108] loss: 6.3570691
[175,   162] loss: 5.6473426
[175,   216] loss: 5.4686216
[175,   270] loss: 6.0103547
[175,   324] loss: 6.0215542
[175,   378] loss: 5.6477740
[175,   432] loss: 6.8146782
[176,    54] loss: 6.6390871
[176,   108] loss: 6.2237435
[176,   162] loss: 5.2337253
[176,   216] loss: 5.8234924
[176,   270] loss: 6.2272821
[176,   324] loss: 6.2101732
[176,   378] loss: 5.6246794
[176,   432] loss: 6.2465972
[177,    54] loss: 6.6826245
[177,   108] loss: 5.9378362
[177,   162] loss: 5.2920342
[177,   216] loss: 5.3110271
[177,   270] loss: 5.5113343
[177,   324] loss: 5.7210620
[177,   378] loss: 5.7194897
[177,   432] loss: 6.3011332
[178,    54] loss: 6.7770320
[178,   108] loss: 6.8963540
[178,   162] loss: 5.1098258
[178,   216] loss: 5.6114592
[178,   270] loss: 5.9222712
[178,   324] loss: 6.3281526
[178,   378] loss: 5.8549249
[178,   432] loss: 6.4318634
[179,    54] loss: 8.4132095
[179,   108] loss: 7.8161061
[179,   162] loss: 6.1413460
[179,   216] loss: 5.8294456
[179,   270] loss: 5.8241366
[179,   324] loss: 6.2579760
[179,   378] loss: 5.6111051
[179,   432] loss: 6.2183734
[180,    54] loss: 6.2461977
[180,   108] loss: 6.3836399
[180,   162] loss: 5.5194925
[180,   216] loss: 5.3100259
[180,   270] loss: 5.6919638
[180,   324] loss: 5.3096055
[180,   378] loss: 5.5105473
[180,   432] loss: 6.4946787
[181,    54] loss: 6.6849475
[181,   108] loss: 5.9864519
[181,   162] loss: 5.5832959
[181,   216] loss: 5.6189675
[181,   270] loss: 5.7674000
[181,   324] loss: 5.7813388
[181,   378] loss: 5.5634961
[181,   432] loss: 6.3295453
[182,    54] loss: 7.0408493
[182,   108] loss: 6.6419117
[182,   162] loss: 5.7917305
[182,   216] loss: 6.0941674
[182,   270] loss: 5.6355084
[182,   324] loss: 5.7080933
[182,   378] loss: 6.2236944
[182,   432] loss: 6.1919204
[183,    54] loss: 6.7160733
[183,   108] loss: 6.3396510
[183,   162] loss: 5.4149111
[183,   216] loss: 5.6996958
[183,   270] loss: 5.8259348
[183,   324] loss: 5.3057759
[183,   378] loss: 5.5446399
[183,   432] loss: 6.2492236
[184,    54] loss: 6.5728021
[184,   108] loss: 5.7429099
[184,   162] loss: 4.9335941
[184,   216] loss: 5.8642070
[184,   270] loss: 5.9219345
[184,   324] loss: 5.9955299
[184,   378] loss: 5.8921027
[184,   432] loss: 6.6907689
[185,    54] loss: 5.8098036
[185,   108] loss: 6.1198928
[185,   162] loss: 5.3405063
[185,   216] loss: 5.3599709
[185,   270] loss: 5.8395878
[185,   324] loss: 5.8925248
[185,   378] loss: 5.2312338
[185,   432] loss: 6.1626656
[186,    54] loss: 6.6351060
[186,   108] loss: 5.8665759
[186,   162] loss: 5.8677641
[186,   216] loss: 6.0515268
[186,   270] loss: 5.8398687
[186,   324] loss: 6.0557784
[186,   378] loss: 5.5209867
[186,   432] loss: 6.2356756
[187,    54] loss: 6.5652472
[187,   108] loss: 6.9175433
[187,   162] loss: 5.5422634
[187,   216] loss: 5.6572766
[187,   270] loss: 5.6160068
[187,   324] loss: 5.9146226
[187,   378] loss: 5.5597346
[187,   432] loss: 6.2104090
Finished Training
The rm2 value for this run is:  0.63
The AUPR for this run is:  0.647
The Concordance Index (CI) for this run is:  0.846
The Mean Squared Error (MSE) for this run is:  0.28
r2m std is:  0.012
AUPR std is:  0.02
CIs std is:  0.005
Best r2m was:  0.6066505891214818
Best parameters were: [54, 0.001, 187]


PS:

Read file <stderr.log> for stderr output of this job.

